0 info it worked if it ends with ok
1 verbose cli [ 'C:\\Program Files (x86)\\nodejs\\node.exe',
1 verbose cli   'C:\\Users\\tsato3\\AppData\\Roaming\\npm\\node_modules\\npm\\bin\\npm-cli.js',
1 verbose cli   'publish' ]
2 info using npm@2.5.1
3 info using node@v4.2.2
4 verbose publish [ '.' ]
5 silly cache add args [ '.', null ]
6 verbose cache add spec .
7 silly cache add parsed spec Result {
7 silly cache add   raw: '.',
7 silly cache add   scope: null,
7 silly cache add   name: null,
7 silly cache add   rawSpec: '.',
7 silly cache add   spec: 'C:\\Users\\tsato3\\dropbox\\WebApps\\Haribotify',
7 silly cache add   type: 'directory' }
8 verbose addLocalDirectory C:\Users\tsato3\AppData\Roaming\npm-cache\haribotify\0.0.1\package.tgz not in flight; packing
9 verbose tar pack [ 'C:\\Users\\tsato3\\AppData\\Roaming\\npm-cache\\haribotify\\0.0.1\\package.tgz',
9 verbose tar pack   'C:\\Users\\tsato3\\dropbox\\WebApps\\Haribotify' ]
10 verbose tarball C:\Users\tsato3\AppData\Roaming\npm-cache\haribotify\0.0.1\package.tgz
11 verbose folder C:\Users\tsato3\dropbox\WebApps\Haribotify
12 info prepublish haribotify@0.0.1
13 verbose addLocalTarball adding from inside cache C:\Users\tsato3\AppData\Roaming\npm-cache\haribotify\0.0.1\package.tgz
14 silly cache afterAdd haribotify@0.0.1
15 verbose afterAdd C:\Users\tsato3\AppData\Roaming\npm-cache\haribotify\0.0.1\package\package.json not in flight; writing
16 verbose afterAdd C:\Users\tsato3\AppData\Roaming\npm-cache\haribotify\0.0.1\package\package.json written
17 silly publish { name: 'haribotify',
17 silly publish   version: '0.0.1',
17 silly publish   description: 'A Browserify transform which merges HTML files and require it',
17 silly publish   main: 'index.js',
17 silly publish   scripts: { test: 'tape test/run.js' },
17 silly publish   repository: { type: 'git', url: 'git@github.com:nanila/haribotify.git' },
17 silly publish   keywords: [ 'browserify', 'html', 'components' ],
17 silly publish   author: { name: 'nanila' },
17 silly publish   license: 'MIT',
17 silly publish   bugs: { url: 'https://github.com/nanila/haribotify/issues' },
17 silly publish   homepage: 'https://github.com/nanila/haribotify',
17 silly publish   devDependencies: { browserify: '^12.0.1', tape: '^4.2.2' },
17 silly publish   dependencies: {},
17 silly publish   readme: '# haribotify\r\n\r\nA [Browserify](http://browserify.org) transform which merges HTML files and require it.\r\n\r\n## Installation\r\n\r\n``` bash\r\nnpm install --save-dev haribotify\r\n```\r\n\r\n## Usage\r\n\r\n### CLI\r\n\r\n```sh\r\n  $ browserify script.js -o bundle.js -t [ haribotify ]\r\n```\r\n\r\n### Node\r\n\r\n``` javascript\r\nvar fs = require("fs");\r\nvar browserify = require("browserify");\r\nbrowserify("./script.js")\r\n  .transform("haribotify")\r\n  .bundle()\r\n  .pipe(fs.createWriteStream("bundle.js"));\r\n```\r\n\r\nRequire html files:\r\n``` javascript\r\nvar html = require(\'./html/base.html\');\r\n```\r\n\r\nThen the index.html is automatically transformed:\r\n#### ./html/base.html\r\n``` html\r\n<!DOCTYPE html>\r\n<html>\r\n  <head>\r\n    <meta charset="utf-8">\r\n    <title>This is base</title>\r\n  </head>\r\n  <body>\r\n    {{./components/main.html}}\r\n  </body>\r\n</html>\r\n```\r\n**NOTE:** The root path of components is where thier base html file (index.html in this case) is placed.\r\n\r\n#### ./html/components/main.html\r\n``` html\r\n<div>This is the main component</div>\r\n```\r\n\r\nto:\r\n\r\n``` html\r\n<!DOCTYPE html>\r\n<html>\r\n  <head>\r\n    <meta charset="utf-8">\r\n    <title>This is base</title>\r\n  </head>\r\n  <body>\r\n    <div>This is the main component</div>\r\n  </body>\r\n</html>\r\n```',
17 silly publish   readmeFilename: 'README.md',
17 silly publish   gitHead: '6258f3f20fe3459815c73ca603700bdd7b640dc7',
17 silly publish   _id: 'haribotify@0.0.1',
17 silly publish   _shasum: '42bfd6192c3b8b6237967a3a25035777ffae8496',
17 silly publish   _from: '.' }
18 silly mapToRegistry name haribotify
19 silly mapToRegistry using default registry
20 silly mapToRegistry registry http://registry.npmjs.org/
21 silly mapToRegistry uri http://registry.npmjs.org/haribotify
22 verbose publish registryBase http://registry.npmjs.org/
23 silly publish uploading C:\Users\tsato3\AppData\Roaming\npm-cache\haribotify\0.0.1\package.tgz
24 verbose request uri http://registry.npmjs.org/haribotify
25 verbose request sending authorization for write operation
26 info attempt registry request try #1 at 18:10:10
27 verbose request using bearer token for auth
28 verbose request id 34bcb2e964350788
29 http request PUT http://registry.npmjs.org/haribotify
30 http 403 http://registry.npmjs.org/haribotify
31 verbose headers { 'content-type': 'application/json',
31 verbose headers   'cache-control': 'max-age=300',
31 verbose headers   'content-length': '95',
31 verbose headers   'accept-ranges': 'bytes',
31 verbose headers   date: 'Thu, 28 Jan 2016 09:10:11 GMT',
31 verbose headers   via: '1.1 varnish',
31 verbose headers   connection: 'keep-alive',
31 verbose headers   'x-served-by': 'cache-nrt6135-NRT',
31 verbose headers   'x-cache': 'MISS',
31 verbose headers   'x-cache-hits': '0',
31 verbose headers   'x-timer': 'S1453972210.476445,VS0,VE653' }
32 verbose request invalidating C:\Users\tsato3\AppData\Roaming\npm-cache\registry.npmjs.org\haribotify on PUT
33 error publish Failed PUT 403
34 verbose stack Error: "You cannot publish over the previously published version 0.0.1." : haribotify
34 verbose stack     at CachingRegistryClient.<anonymous> (C:\Users\tsato3\AppData\Roaming\npm\node_modules\npm\node_modules\npm-registry-client\lib\request.js:254:14)
34 verbose stack     at Request._callback (C:\Users\tsato3\AppData\Roaming\npm\node_modules\npm\node_modules\npm-registry-client\lib\request.js:178:14)
34 verbose stack     at Request.self.callback (C:\Users\tsato3\AppData\Roaming\npm\node_modules\npm\node_modules\request\request.js:344:22)
34 verbose stack     at emitTwo (events.js:87:13)
34 verbose stack     at Request.emit (events.js:172:7)
34 verbose stack     at Request.<anonymous> (C:\Users\tsato3\AppData\Roaming\npm\node_modules\npm\node_modules\request\request.js:1239:14)
34 verbose stack     at emitOne (events.js:82:20)
34 verbose stack     at Request.emit (events.js:169:7)
34 verbose stack     at IncomingMessage.<anonymous> (C:\Users\tsato3\AppData\Roaming\npm\node_modules\npm\node_modules\request\request.js:1187:12)
34 verbose stack     at emitNone (events.js:72:20)
35 verbose statusCode 403
36 verbose pkgid haribotify
37 verbose cwd C:\Users\tsato3\dropbox\WebApps\Haribotify
38 error Windows_NT 6.1.7601
39 error argv "C:\\Program Files (x86)\\nodejs\\node.exe" "C:\\Users\\tsato3\\AppData\\Roaming\\npm\\node_modules\\npm\\bin\\npm-cli.js" "publish"
40 error node v4.2.2
41 error npm  v2.5.1
42 error code E403
43 error "You cannot publish over the previously published version 0.0.1." : haribotify
44 error If you need help, you may report this error at:
44 error     <http://github.com/npm/npm/issues>
45 verbose exit [ 1, true ]
